SF:lib/features/aqi/aqi_provider.dart
DA:21,1
DA:22,1
DA:23,2
DA:28,1
DA:29,1
DA:38,0
DA:39,0
DA:40,0
DA:41,2
DA:44,1
DA:45,2
DA:46,1
DA:47,1
DA:48,3
DA:49,1
DA:54,1
DA:57,1
DA:58,1
DA:60,2
DA:61,0
DA:62,0
DA:66,2
DA:67,5
DA:69,1
DA:70,2
DA:71,2
DA:72,4
DA:73,4
DA:74,2
DA:76,4
DA:77,3
DA:79,1
DA:85,2
DA:87,4
DA:88,1
DA:89,4
DA:90,1
DA:93,2
DA:96,4
DA:97,3
DA:100,2
DA:101,5
DA:102,1
DA:109,0
DA:110,0
DA:113,3
DA:116,0
DA:117,0
DA:119,0
DA:120,0
DA:121,0
DA:123,0
DA:127,1
DA:128,2
DA:130,2
DA:131,5
DA:133,2
DA:134,2
DA:136,3
DA:140,0
DA:141,0
DA:143,0
DA:144,0
DA:146,0
DA:147,0
DA:149,0
DA:153,1
DA:154,2
DA:156,1
DA:157,3
DA:158,2
DA:162,0
DA:164,0
DA:165,0
DA:166,0
DA:170,0
DA:171,0
DA:174,1
DA:176,1
DA:177,1
DA:181,1
DA:182,7
DA:185,1
DA:186,1
DA:187,2
DA:189,1
DA:190,1
DA:191,1
DA:194,2
DA:195,0
DA:196,0
DA:197,0
DA:200,0
DA:201,0
DA:202,0
DA:204,0
DA:205,0
DA:206,0
DA:209,0
DA:210,0
DA:212,0
DA:213,0
DA:214,0
DA:215,0
DA:219,0
DA:220,0
DA:221,0
DA:223,0
DA:224,0
LF:109
LH:63
end_of_record
SF:lib/features/aqi/aqi_record＿model.dart
DA:8,1
DA:16,0
DA:17,0
DA:18,0
DA:19,0
DA:21,0
DA:22,0
DA:23,0
DA:24,0
LF:9
LH:1
end_of_record
SF:lib/core/loggers/log.dart
DA:6,1
DA:7,4
DA:9,2
DA:16,3
DA:20,3
DA:21,3
DA:22,3
DA:23,0
DA:24,0
DA:27,0
DA:31,0
DA:35,0
DA:36,0
DA:37,0
DA:38,0
DA:39,0
DA:42,0
DA:43,0
DA:45,0
DA:49,0
DA:53,0
DA:54,0
DA:59,0
LF:23
LH:7
end_of_record
SF:lib/core/services/data_service.dart
DA:15,1
DA:17,3
DA:18,0
DA:19,0
DA:20,0
DA:21,0
DA:22,0
DA:24,0
DA:26,0
DA:28,0
DA:29,0
DA:34,0
DA:35,0
DA:38,0
DA:39,0
LF:15
LH:2
end_of_record
SF:lib/features/aqi/data/aqi_repository.dart
DA:5,1
DA:6,1
DA:10,1
DA:11,2
DA:14,0
DA:15,0
LF:6
LH:4
end_of_record
